<?xml version="1.0" encoding="UTF-8"?>
<!-- Generated by org.testng.reporters.JUnitReportReporter -->
<testsuite hostname="NguyenNguyen" failures="0" tests="3" name="wikipages.NoiDungThaoLuanChungTest" time="2.261" errors="0" timestamp="2023-11-14T20:04:38 ICT" skipped="0">
  <testcase classname="wikipages.NoiDungThaoLuanChungTest" name="kiemTraChuyenNgonNgu" time="0.712"/>
  <system-out/>
  <testcase classname="wikipages.NoiDungThaoLuanChungTest" name="kiemTraNoiDungTrangThaoLuanChung" time="0.466"/>
  <system-out/>
  <testcase classname="wikipages.NoiDungThaoLuanChungTest" name="kiemTraXemLichSu" time="1.083"/>
  <system-out/>
</testsuite> <!-- wikipages.NoiDungThaoLuanChungTest -->
